<?xml version="1.0" encoding="UTF-8"?>
<!-- Generated by org.testng.reporters.JUnitReportReporter -->
<testsuite hostname="DESKTOP-9Q6NBAJ" failures="0" tests="2" name="qaclickacademy.AppiumTest" time="0.033" errors="0" timestamp="22 Feb 2022 08:44:58 GMT" skipped="0">
  <testcase classname="qaclickacademy.AppiumTest" name="IOSApps" time="0.029"/>
  <testcase classname="qaclickacademy.AppiumTest" name="NativeAPpAndroid" time="0.004"/>
</testsuite> <!-- qaclickacademy.AppiumTest -->
