<?xml version="1.0" encoding="UTF-8"?>
<!-- Generated by org.testng.reporters.JUnitReportReporter -->
<testsuite hostname="DESKTOP-9Q6NBAJ" failures="0" tests="2" name="qaclickacademy.AppiumTest" time="0.024" errors="0" timestamp="22 Feb 2022 08:48:04 GMT" skipped="0">
  <testcase classname="qaclickacademy.AppiumTest" name="NativeAPpAndroid" time="0.002"/>
  <testcase classname="qaclickacademy.AppiumTest" name="IOSApps" time="0.022"/>
</testsuite> <!-- qaclickacademy.AppiumTest -->
